<?xml version="1.0" encoding="UTF-8"?>
<testng-results skipped="0" failed="1" ignored="0" total="1" passed="0">
  <reporter-output>
  </reporter-output>
  <suite name="Default suite" duration-ms="27823" started-at="2019-12-19T05:06:36Z" finished-at="2019-12-19T05:07:04Z">
    <groups>
    </groups>
    <test name="Default test" duration-ms="27823" started-at="2019-12-19T05:06:36Z" finished-at="2019-12-19T05:07:04Z">
      <class name="com.ivymobility.testcases.SalesOrder_Create">
        <test-method status="PASS" signature="dataSetup()[pri:0, instance:com.ivymobility.testcases.SalesOrder_Create@3532ec19]" name="dataSetup" is-config="true" duration-ms="26820" started-at="2019-12-19T10:36:36Z" finished-at="2019-12-19T10:37:03Z">
          <reporter-output>
          </reporter-output>
        </test-method> <!-- dataSetup -->
        <test-method status="FAIL" signature="SalesOrder(java.lang.String, java.lang.String, java.lang.String, java.lang.String)[pri:0, instance:com.ivymobility.testcases.SalesOrder_Create@3532ec19]" name="SalesOrder" duration-ms="972" started-at="2019-12-19T10:37:03Z" data-provider="getTestData" finished-at="2019-12-19T10:37:04Z">
          <params>
            <param index="0">
              <value>
                <![CDATA[TTTPRE]]>
              </value>
            </param>
            <param index="1">
              <value>
                <![CDATA[0004]]>
              </value>
            </param>
            <param index="2">
              <value>
                <![CDATA[WH2]]>
              </value>
            </param>
            <param index="3">
              <value>
                <![CDATA[21035621]]>
              </value>
            </param>
          </params>
          <exception class="java.lang.AssertionError">
            <message>
              <![CDATA[The Element is not available in the WebPage:::::[[ChromeDriver: chrome on XP (fcb6d4d4619901865ac907771b777940)] -> id: SalesPerson]]]>
            </message>
            <full-stacktrace>
              <![CDATA[java.lang.AssertionError: The Element is not available in the WebPage:::::[[ChromeDriver: chrome on XP (fcb6d4d4619901865ac907771b777940)] -> id: SalesPerson]
	at org.testng.Assert.fail(Assert.java:94)
	at com.ivymobility.utility.Functions.commonClick(Functions.java:58)
	at com.ivymobility.pages.SalesOrder_Create_Page.OrderCreate(SalesOrder_Create_Page.java:56)
	at com.ivymobility.testcases.SalesOrder_Create.SalesOrder(SalesOrder_Create.java:27)
	at sun.reflect.NativeMethodAccessorImpl.invoke0(Native Method)
	at sun.reflect.NativeMethodAccessorImpl.invoke(Unknown Source)
	at sun.reflect.DelegatingMethodAccessorImpl.invoke(Unknown Source)
	at java.lang.reflect.Method.invoke(Unknown Source)
	at org.testng.internal.MethodInvocationHelper.invokeMethod(MethodInvocationHelper.java:104)
	at org.testng.internal.Invoker.invokeMethod(Invoker.java:645)
	at org.testng.internal.Invoker.invokeTestMethod(Invoker.java:851)
	at org.testng.internal.Invoker.invokeTestMethods(Invoker.java:1177)
	at org.testng.internal.TestMethodWorker.invokeTestMethods(TestMethodWorker.java:129)
	at org.testng.internal.TestMethodWorker.run(TestMethodWorker.java:112)
	at org.testng.TestRunner.privateRun(TestRunner.java:756)
	at org.testng.TestRunner.run(TestRunner.java:610)
	at org.testng.SuiteRunner.runTest(SuiteRunner.java:387)
	at org.testng.SuiteRunner.runSequentially(SuiteRunner.java:382)
	at org.testng.SuiteRunner.privateRun(SuiteRunner.java:340)
	at org.testng.SuiteRunner.run(SuiteRunner.java:289)
	at org.testng.SuiteRunnerWorker.runSuite(SuiteRunnerWorker.java:52)
	at org.testng.SuiteRunnerWorker.run(SuiteRunnerWorker.java:86)
	at org.testng.TestNG.runSuitesSequentially(TestNG.java:1293)
	at org.testng.TestNG.runSuitesLocally(TestNG.java:1218)
	at org.testng.TestNG.runSuites(TestNG.java:1133)
	at org.testng.TestNG.run(TestNG.java:1104)
	at org.testng.remote.AbstractRemoteTestNG.run(AbstractRemoteTestNG.java:115)
	at org.testng.remote.RemoteTestNG.initAndRun(RemoteTestNG.java:251)
	at org.testng.remote.RemoteTestNG.main(RemoteTestNG.java:77)
]]>
            </full-stacktrace>
          </exception> <!-- java.lang.AssertionError -->
          <reporter-output>
          </reporter-output>
        </test-method> <!-- SalesOrder -->
      </class> <!-- com.ivymobility.testcases.SalesOrder_Create -->
    </test> <!-- Default test -->
  </suite> <!-- Default suite -->
</testng-results>
